2026-03-01 21:41:59,617 - src.utils - INFO - Creating basic facial recognition system
2026-03-01 21:41:59,657 - src.utils - ERROR - System error: expected str, bytes or os.PathLike object, not dict
Traceback (most recent call last):
  File "C:\Users\kagis\OneDrive\Desktop\facial_recognition_system\main.py", line 100, in main
    system = create_system(args.system, config)
             ^^^^^^^^^^^^^^^^^^^^^^^^^^^^^^^^^^
  File "C:\Users\kagis\OneDrive\Desktop\facial_recognition_system\main.py", line 74, in create_system
    return system_class(
           ^^^^^^^^^^^^^
  File "C:\Users\kagis\OneDrive\Desktop\facial_recognition_system\src\base_system.py", line 31, in __init__
    os.makedirs(os.path.dirname(encodings_path), exist_ok=True)
                ^^^^^^^^^^^^^^^^^^^^^^^^^^^^^^^
  File "<frozen ntpath>", line 251, in dirname
  File "<frozen ntpath>", line 213, in split
TypeError: expected str, bytes or os.PathLike object, not dict
2026-03-01 21:49:41,318 - src.utils - INFO - Creating basic facial recognition system
2026-03-01 21:49:41,322 - src.utils - INFO - Starting real-time recognition mode
2026-03-01 22:01:29,998 - src.utils - INFO - Creating basic facial recognition system
2026-03-01 22:01:30,007 - src.utils - INFO - Starting training mode
2026-03-01 22:01:30,021 - src.utils - INFO - Registering Kagiso from camera (device 0)
2026-03-01 22:05:03,122 - src.utils - INFO - Creating basic facial recognition system
2026-03-01 22:05:03,132 - src.utils - INFO - Starting real-time recognition mode
2026-03-01 22:08:02,134 - src.utils - INFO - System interrupted by user
2026-03-01 22:08:51,515 - src.utils - INFO - Creating basic facial recognition system
2026-03-01 22:08:51,522 - src.utils - INFO - Starting API server mode
2026-03-01 22:08:51,617 - werkzeug - INFO - [31m[1mWARNING: This is a development server. Do not use it in a production deployment. Use a production WSGI server instead.[0m
 * Running on all addresses (0.0.0.0)
 * Running on http://127.0.0.1:5000
 * Running on http://10.194.157.232:5000
2026-03-01 22:08:51,619 - werkzeug - INFO - [33mPress CTRL+C to quit[0m
2026-03-01 22:09:08,071 - src.api_server - ERROR - Exception on / [GET]
Traceback (most recent call last):
  File "C:\Users\kagis\OneDrive\Desktop\facial_recognition_system\venv\Lib\site-packages\flask\app.py", line 1511, in wsgi_app
    response = self.full_dispatch_request()
               ^^^^^^^^^^^^^^^^^^^^^^^^^^^^
  File "C:\Users\kagis\OneDrive\Desktop\facial_recognition_system\venv\Lib\site-packages\flask\app.py", line 919, in full_dispatch_request
    rv = self.handle_user_exception(e)
         ^^^^^^^^^^^^^^^^^^^^^^^^^^^^^
  File "C:\Users\kagis\OneDrive\Desktop\facial_recognition_system\venv\Lib\site-packages\flask_cors\extension.py", line 176, in wrapped_function
    return cors_after_request(app.make_response(f(*args, **kwargs)))
                                                ^^^^^^^^^^^^^^^^^^
  File "C:\Users\kagis\OneDrive\Desktop\facial_recognition_system\venv\Lib\site-packages\flask\app.py", line 917, in full_dispatch_request
    rv = self.dispatch_request()
         ^^^^^^^^^^^^^^^^^^^^^^^
  File "C:\Users\kagis\OneDrive\Desktop\facial_recognition_system\venv\Lib\site-packages\flask\app.py", line 902, in dispatch_request
    return self.ensure_sync(self.view_functions[rule.endpoint])(**view_args)  # type: ignore[no-any-return]
           ^^^^^^^^^^^^^^^^^^^^^^^^^^^^^^^^^^^^^^^^^^^^^^^^^^^^^^^^^^^^^^^^^
  File "C:\Users\kagis\OneDrive\Desktop\facial_recognition_system\src\api_server.py", line 47, in index
    return render_template('index.html')
           ^^^^^^^^^^^^^^^^^^^^^^^^^^^^^
  File "C:\Users\kagis\OneDrive\Desktop\facial_recognition_system\venv\Lib\site-packages\flask\templating.py", line 150, in render_template
    template = app.jinja_env.get_or_select_template(template_name_or_list)
               ^^^^^^^^^^^^^^^^^^^^^^^^^^^^^^^^^^^^^^^^^^^^^^^^^^^^^^^^^^^
  File "C:\Users\kagis\OneDrive\Desktop\facial_recognition_system\venv\Lib\site-packages\jinja2\environment.py", line 1087, in get_or_select_template
    return self.get_template(template_name_or_list, parent, globals)
           ^^^^^^^^^^^^^^^^^^^^^^^^^^^^^^^^^^^^^^^^^^^^^^^^^^^^^^^^^
  File "C:\Users\kagis\OneDrive\Desktop\facial_recognition_system\venv\Lib\site-packages\jinja2\environment.py", line 1016, in get_template
    return self._load_template(name, globals)
           ^^^^^^^^^^^^^^^^^^^^^^^^^^^^^^^^^^
  File "C:\Users\kagis\OneDrive\Desktop\facial_recognition_system\venv\Lib\site-packages\jinja2\environment.py", line 975, in _load_template
    template = self.loader.load(self, name, self.make_globals(globals))
               ^^^^^^^^^^^^^^^^^^^^^^^^^^^^^^^^^^^^^^^^^^^^^^^^^^^^^^^^
  File "C:\Users\kagis\OneDrive\Desktop\facial_recognition_system\venv\Lib\site-packages\jinja2\loaders.py", line 126, in load
    source, filename, uptodate = self.get_source(environment, name)
                                 ^^^^^^^^^^^^^^^^^^^^^^^^^^^^^^^^^^
  File "C:\Users\kagis\OneDrive\Desktop\facial_recognition_system\venv\Lib\site-packages\flask\templating.py", line 66, in get_source
    return self._get_source_fast(environment, template)
           ^^^^^^^^^^^^^^^^^^^^^^^^^^^^^^^^^^^^^^^^^^^^
  File "C:\Users\kagis\OneDrive\Desktop\facial_recognition_system\venv\Lib\site-packages\flask\templating.py", line 100, in _get_source_fast
    raise TemplateNotFound(template)
jinja2.exceptions.TemplateNotFound: index.html
2026-03-01 22:09:08,566 - werkzeug - INFO - 127.0.0.1 - - [01/Mar/2026 22:09:08] "[35m[1mGET / HTTP/1.1[0m" 500 -
2026-03-01 22:09:08,992 - werkzeug - INFO - 127.0.0.1 - - [01/Mar/2026 22:09:08] "[33mGET /favicon.ico HTTP/1.1[0m" 404 -
2026-03-01 22:09:40,123 - src.api_server - ERROR - Exception on / [GET]
Traceback (most recent call last):
  File "C:\Users\kagis\OneDrive\Desktop\facial_recognition_system\venv\Lib\site-packages\flask\app.py", line 1511, in wsgi_app
    response = self.full_dispatch_request()
               ^^^^^^^^^^^^^^^^^^^^^^^^^^^^
  File "C:\Users\kagis\OneDrive\Desktop\facial_recognition_system\venv\Lib\site-packages\flask\app.py", line 919, in full_dispatch_request
    rv = self.handle_user_exception(e)
         ^^^^^^^^^^^^^^^^^^^^^^^^^^^^^
  File "C:\Users\kagis\OneDrive\Desktop\facial_recognition_system\venv\Lib\site-packages\flask_cors\extension.py", line 176, in wrapped_function
    return cors_after_request(app.make_response(f(*args, **kwargs)))
                                                ^^^^^^^^^^^^^^^^^^
  File "C:\Users\kagis\OneDrive\Desktop\facial_recognition_system\venv\Lib\site-packages\flask\app.py", line 917, in full_dispatch_request
    rv = self.dispatch_request()
         ^^^^^^^^^^^^^^^^^^^^^^^
  File "C:\Users\kagis\OneDrive\Desktop\facial_recognition_system\venv\Lib\site-packages\flask\app.py", line 902, in dispatch_request
    return self.ensure_sync(self.view_functions[rule.endpoint])(**view_args)  # type: ignore[no-any-return]
           ^^^^^^^^^^^^^^^^^^^^^^^^^^^^^^^^^^^^^^^^^^^^^^^^^^^^^^^^^^^^^^^^^
  File "C:\Users\kagis\OneDrive\Desktop\facial_recognition_system\src\api_server.py", line 47, in index
    return render_template('index.html')
           ^^^^^^^^^^^^^^^^^^^^^^^^^^^^^
  File "C:\Users\kagis\OneDrive\Desktop\facial_recognition_system\venv\Lib\site-packages\flask\templating.py", line 150, in render_template
    template = app.jinja_env.get_or_select_template(template_name_or_list)
               ^^^^^^^^^^^^^^^^^^^^^^^^^^^^^^^^^^^^^^^^^^^^^^^^^^^^^^^^^^^
  File "C:\Users\kagis\OneDrive\Desktop\facial_recognition_system\venv\Lib\site-packages\jinja2\environment.py", line 1087, in get_or_select_template
    return self.get_template(template_name_or_list, parent, globals)
           ^^^^^^^^^^^^^^^^^^^^^^^^^^^^^^^^^^^^^^^^^^^^^^^^^^^^^^^^^
  File "C:\Users\kagis\OneDrive\Desktop\facial_recognition_system\venv\Lib\site-packages\jinja2\environment.py", line 1016, in get_template
    return self._load_template(name, globals)
           ^^^^^^^^^^^^^^^^^^^^^^^^^^^^^^^^^^
  File "C:\Users\kagis\OneDrive\Desktop\facial_recognition_system\venv\Lib\site-packages\jinja2\environment.py", line 975, in _load_template
    template = self.loader.load(self, name, self.make_globals(globals))
               ^^^^^^^^^^^^^^^^^^^^^^^^^^^^^^^^^^^^^^^^^^^^^^^^^^^^^^^^
  File "C:\Users\kagis\OneDrive\Desktop\facial_recognition_system\venv\Lib\site-packages\jinja2\loaders.py", line 126, in load
    source, filename, uptodate = self.get_source(environment, name)
                                 ^^^^^^^^^^^^^^^^^^^^^^^^^^^^^^^^^^
  File "C:\Users\kagis\OneDrive\Desktop\facial_recognition_system\venv\Lib\site-packages\flask\templating.py", line 66, in get_source
    return self._get_source_fast(environment, template)
           ^^^^^^^^^^^^^^^^^^^^^^^^^^^^^^^^^^^^^^^^^^^^
  File "C:\Users\kagis\OneDrive\Desktop\facial_recognition_system\venv\Lib\site-packages\flask\templating.py", line 100, in _get_source_fast
    raise TemplateNotFound(template)
jinja2.exceptions.TemplateNotFound: index.html
2026-03-01 22:09:40,145 - werkzeug - INFO - 10.194.157.232 - - [01/Mar/2026 22:09:40] "[35m[1mGET / HTTP/1.1[0m" 500 -
2026-03-01 22:09:40,376 - werkzeug - INFO - 10.194.157.232 - - [01/Mar/2026 22:09:40] "[33mGET /favicon.ico HTTP/1.1[0m" 404 -
2026-03-01 22:15:44,725 - src.utils - INFO - Creating basic facial recognition system
2026-03-01 22:15:44,736 - src.utils - INFO - Starting API server mode
2026-03-01 22:15:44,911 - werkzeug - INFO - [31m[1mWARNING: This is a development server. Do not use it in a production deployment. Use a production WSGI server instead.[0m
 * Running on all addresses (0.0.0.0)
 * Running on http://127.0.0.1:5000
 * Running on http://10.194.157.232:5000
2026-03-01 22:15:44,915 - werkzeug - INFO - [33mPress CTRL+C to quit[0m
2026-03-01 22:16:29,291 - src.api_server - ERROR - Exception on / [GET]
Traceback (most recent call last):
  File "C:\Users\kagis\OneDrive\Desktop\facial_recognition_system\venv\Lib\site-packages\flask\app.py", line 1511, in wsgi_app
    response = self.full_dispatch_request()
               ^^^^^^^^^^^^^^^^^^^^^^^^^^^^
  File "C:\Users\kagis\OneDrive\Desktop\facial_recognition_system\venv\Lib\site-packages\flask\app.py", line 919, in full_dispatch_request
    rv = self.handle_user_exception(e)
         ^^^^^^^^^^^^^^^^^^^^^^^^^^^^^
  File "C:\Users\kagis\OneDrive\Desktop\facial_recognition_system\venv\Lib\site-packages\flask_cors\extension.py", line 176, in wrapped_function
    return cors_after_request(app.make_response(f(*args, **kwargs)))
                                                ^^^^^^^^^^^^^^^^^^
  File "C:\Users\kagis\OneDrive\Desktop\facial_recognition_system\venv\Lib\site-packages\flask\app.py", line 917, in full_dispatch_request
    rv = self.dispatch_request()
         ^^^^^^^^^^^^^^^^^^^^^^^
  File "C:\Users\kagis\OneDrive\Desktop\facial_recognition_system\venv\Lib\site-packages\flask\app.py", line 902, in dispatch_request
    return self.ensure_sync(self.view_functions[rule.endpoint])(**view_args)  # type: ignore[no-any-return]
           ^^^^^^^^^^^^^^^^^^^^^^^^^^^^^^^^^^^^^^^^^^^^^^^^^^^^^^^^^^^^^^^^^
  File "C:\Users\kagis\OneDrive\Desktop\facial_recognition_system\src\api_server.py", line 47, in index
    return render_template('index.html')
           ^^^^^^^^^^^^^^^^^^^^^^^^^^^^^
  File "C:\Users\kagis\OneDrive\Desktop\facial_recognition_system\venv\Lib\site-packages\flask\templating.py", line 150, in render_template
    template = app.jinja_env.get_or_select_template(template_name_or_list)
               ^^^^^^^^^^^^^^^^^^^^^^^^^^^^^^^^^^^^^^^^^^^^^^^^^^^^^^^^^^^
  File "C:\Users\kagis\OneDrive\Desktop\facial_recognition_system\venv\Lib\site-packages\jinja2\environment.py", line 1087, in get_or_select_template
    return self.get_template(template_name_or_list, parent, globals)
           ^^^^^^^^^^^^^^^^^^^^^^^^^^^^^^^^^^^^^^^^^^^^^^^^^^^^^^^^^
  File "C:\Users\kagis\OneDrive\Desktop\facial_recognition_system\venv\Lib\site-packages\jinja2\environment.py", line 1016, in get_template
    return self._load_template(name, globals)
           ^^^^^^^^^^^^^^^^^^^^^^^^^^^^^^^^^^
  File "C:\Users\kagis\OneDrive\Desktop\facial_recognition_system\venv\Lib\site-packages\jinja2\environment.py", line 975, in _load_template
    template = self.loader.load(self, name, self.make_globals(globals))
               ^^^^^^^^^^^^^^^^^^^^^^^^^^^^^^^^^^^^^^^^^^^^^^^^^^^^^^^^
  File "C:\Users\kagis\OneDrive\Desktop\facial_recognition_system\venv\Lib\site-packages\jinja2\loaders.py", line 126, in load
    source, filename, uptodate = self.get_source(environment, name)
                                 ^^^^^^^^^^^^^^^^^^^^^^^^^^^^^^^^^^
  File "C:\Users\kagis\OneDrive\Desktop\facial_recognition_system\venv\Lib\site-packages\flask\templating.py", line 66, in get_source
    return self._get_source_fast(environment, template)
           ^^^^^^^^^^^^^^^^^^^^^^^^^^^^^^^^^^^^^^^^^^^^
  File "C:\Users\kagis\OneDrive\Desktop\facial_recognition_system\venv\Lib\site-packages\flask\templating.py", line 100, in _get_source_fast
    raise TemplateNotFound(template)
jinja2.exceptions.TemplateNotFound: index.html
2026-03-01 22:16:29,341 - werkzeug - INFO - 10.194.157.232 - - [01/Mar/2026 22:16:29] "[35m[1mGET / HTTP/1.1[0m" 500 -
2026-03-01 22:16:54,900 - src.api_server - ERROR - Exception on / [GET]
Traceback (most recent call last):
  File "C:\Users\kagis\OneDrive\Desktop\facial_recognition_system\venv\Lib\site-packages\flask\app.py", line 1511, in wsgi_app
    response = self.full_dispatch_request()
               ^^^^^^^^^^^^^^^^^^^^^^^^^^^^
  File "C:\Users\kagis\OneDrive\Desktop\facial_recognition_system\venv\Lib\site-packages\flask\app.py", line 919, in full_dispatch_request
    rv = self.handle_user_exception(e)
         ^^^^^^^^^^^^^^^^^^^^^^^^^^^^^
  File "C:\Users\kagis\OneDrive\Desktop\facial_recognition_system\venv\Lib\site-packages\flask_cors\extension.py", line 176, in wrapped_function
    return cors_after_request(app.make_response(f(*args, **kwargs)))
                                                ^^^^^^^^^^^^^^^^^^
  File "C:\Users\kagis\OneDrive\Desktop\facial_recognition_system\venv\Lib\site-packages\flask\app.py", line 917, in full_dispatch_request
    rv = self.dispatch_request()
         ^^^^^^^^^^^^^^^^^^^^^^^
  File "C:\Users\kagis\OneDrive\Desktop\facial_recognition_system\venv\Lib\site-packages\flask\app.py", line 902, in dispatch_request
    return self.ensure_sync(self.view_functions[rule.endpoint])(**view_args)  # type: ignore[no-any-return]
           ^^^^^^^^^^^^^^^^^^^^^^^^^^^^^^^^^^^^^^^^^^^^^^^^^^^^^^^^^^^^^^^^^
  File "C:\Users\kagis\OneDrive\Desktop\facial_recognition_system\src\api_server.py", line 47, in index
    return render_template('index.html')
           ^^^^^^^^^^^^^^^^^^^^^^^^^^^^^
  File "C:\Users\kagis\OneDrive\Desktop\facial_recognition_system\venv\Lib\site-packages\flask\templating.py", line 150, in render_template
    template = app.jinja_env.get_or_select_template(template_name_or_list)
               ^^^^^^^^^^^^^^^^^^^^^^^^^^^^^^^^^^^^^^^^^^^^^^^^^^^^^^^^^^^
  File "C:\Users\kagis\OneDrive\Desktop\facial_recognition_system\venv\Lib\site-packages\jinja2\environment.py", line 1087, in get_or_select_template
    return self.get_template(template_name_or_list, parent, globals)
           ^^^^^^^^^^^^^^^^^^^^^^^^^^^^^^^^^^^^^^^^^^^^^^^^^^^^^^^^^
  File "C:\Users\kagis\OneDrive\Desktop\facial_recognition_system\venv\Lib\site-packages\jinja2\environment.py", line 1016, in get_template
    return self._load_template(name, globals)
           ^^^^^^^^^^^^^^^^^^^^^^^^^^^^^^^^^^
  File "C:\Users\kagis\OneDrive\Desktop\facial_recognition_system\venv\Lib\site-packages\jinja2\environment.py", line 975, in _load_template
    template = self.loader.load(self, name, self.make_globals(globals))
               ^^^^^^^^^^^^^^^^^^^^^^^^^^^^^^^^^^^^^^^^^^^^^^^^^^^^^^^^
  File "C:\Users\kagis\OneDrive\Desktop\facial_recognition_system\venv\Lib\site-packages\jinja2\loaders.py", line 126, in load
    source, filename, uptodate = self.get_source(environment, name)
                                 ^^^^^^^^^^^^^^^^^^^^^^^^^^^^^^^^^^
  File "C:\Users\kagis\OneDrive\Desktop\facial_recognition_system\venv\Lib\site-packages\flask\templating.py", line 66, in get_source
    return self._get_source_fast(environment, template)
           ^^^^^^^^^^^^^^^^^^^^^^^^^^^^^^^^^^^^^^^^^^^^
  File "C:\Users\kagis\OneDrive\Desktop\facial_recognition_system\venv\Lib\site-packages\flask\templating.py", line 100, in _get_source_fast
    raise TemplateNotFound(template)
jinja2.exceptions.TemplateNotFound: index.html
2026-03-01 22:16:54,910 - werkzeug - INFO - 127.0.0.1 - - [01/Mar/2026 22:16:54] "[35m[1mGET / HTTP/1.1[0m" 500 -
2026-03-01 22:21:23,451 - src.utils - INFO - Creating basic facial recognition system
2026-03-01 22:21:23,451 - src.utils - INFO - Starting API server mode
2026-03-01 22:21:23,463 - src.utils - ERROR - System error: FacialRecognitionAPI() takes no arguments
Traceback (most recent call last):
  File "C:\Users\kagis\OneDrive\Desktop\facial_recognition_system\main.py", line 361, in main
    api_mode(system, args, logger, config)
  File "C:\Users\kagis\OneDrive\Desktop\facial_recognition_system\main.py", line 254, in api_mode
    api = FacialRecognitionAPI(system)
          ^^^^^^^^^^^^^^^^^^^^^^^^^^^^
TypeError: FacialRecognitionAPI() takes no arguments
2026-03-01 22:25:28,706 - src.utils - INFO - Creating basic facial recognition system
2026-03-01 22:25:28,714 - src.utils - INFO - Starting API server mode
2026-03-01 22:25:29,374 - werkzeug - INFO - [31m[1mWARNING: This is a development server. Do not use it in a production deployment. Use a production WSGI server instead.[0m
 * Running on all addresses (0.0.0.0)
 * Running on http://127.0.0.1:5000
 * Running on http://10.194.157.232:5000
2026-03-01 22:25:29,516 - werkzeug - INFO - [33mPress CTRL+C to quit[0m
2026-03-01 22:25:41,620 - werkzeug - INFO - 127.0.0.1 - - [01/Mar/2026 22:25:41] "GET / HTTP/1.1" 200 -
2026-03-01 22:26:09,420 - werkzeug - INFO - 10.194.157.232 - - [01/Mar/2026 22:26:09] "GET / HTTP/1.1" 200 -
2026-03-01 22:28:21,204 - werkzeug - INFO - 127.0.0.1 - - [01/Mar/2026 22:28:21] "GET /api/health HTTP/1.1" 200 -
2026-03-01 22:29:47,397 - werkzeug - INFO - 127.0.0.1 - - [01/Mar/2026 22:29:47] "GET / HTTP/1.1" 200 -
2026-03-01 22:30:10,978 - werkzeug - INFO - 127.0.0.1 - - [01/Mar/2026 22:30:10] "[33mGET /stats HTTP/1.1[0m" 404 -
2026-03-01 22:30:32,150 - werkzeug - INFO - 127.0.0.1 - - [01/Mar/2026 22:30:32] "[33mGET /history HTTP/1.1[0m" 404 -
